2018-12-11 21:06:27,827 - epa-data-scraper - INFO - querying https://iaspub.epa.gov/enviro/efservice/SERVICE_AREA/ROWS/0:10000
2018-12-11 21:06:28,629 - epa-data-scraper - INFO - querying https://iaspub.epa.gov/enviro/efservice/GEOGRAPHIC_AREA/ROWS/0:10000
2018-12-11 21:06:29,653 - epa-data-scraper - INFO - querying https://iaspub.epa.gov/enviro/efservice/ENFORCEMENT_ACTION/ROWS/0:10000
2018-12-11 21:06:31,267 - epa-data-scraper - INFO - querying https://iaspub.epa.gov/enviro/efservice/VIOLATION_ENF_ASSOC/ROWS/0:10000
2018-12-11 21:06:37,428 - epa-data-scraper - INFO - querying https://iaspub.epa.gov/enviro/efservice/SERVICE_AREA/ROWS/10000:20000
2018-12-11 21:06:39,609 - epa-data-scraper - INFO - querying https://iaspub.epa.gov/enviro/efservice/VIOLATION_ENF_ASSOC/ROWS/10000:20000
2018-12-11 21:06:39,882 - epa-data-scraper - INFO - querying https://iaspub.epa.gov/enviro/efservice/ENFORCEMENT_ACTION/ROWS/10000:20000
2018-12-11 21:06:44,431 - epa-data-scraper - INFO - querying https://iaspub.epa.gov/enviro/efservice/GEOGRAPHIC_AREA/ROWS/10000:20000
2018-12-11 21:06:47,564 - epa-data-scraper - INFO - querying https://iaspub.epa.gov/enviro/efservice/SERVICE_AREA/ROWS/20000:30000
2018-12-11 21:06:48,362 - epa-data-scraper - INFO - querying https://iaspub.epa.gov/enviro/efservice/VIOLATION_ENF_ASSOC/ROWS/20000:30000
2018-12-11 21:06:51,100 - epa-data-scraper - INFO - querying https://iaspub.epa.gov/enviro/efservice/ENFORCEMENT_ACTION/ROWS/20000:30000
2018-12-11 21:06:57,067 - epa-data-scraper - INFO - querying https://iaspub.epa.gov/enviro/efservice/SERVICE_AREA/ROWS/30000:40000
2018-12-11 21:06:57,142 - epa-data-scraper - INFO - querying https://iaspub.epa.gov/enviro/efservice/VIOLATION_ENF_ASSOC/ROWS/30000:40000
2018-12-11 21:06:59,969 - epa-data-scraper - INFO - querying https://iaspub.epa.gov/enviro/efservice/GEOGRAPHIC_AREA/ROWS/20000:30000
2018-12-11 21:07:01,625 - epa-data-scraper - INFO - querying https://iaspub.epa.gov/enviro/efservice/ENFORCEMENT_ACTION/ROWS/30000:40000
2018-12-11 21:07:05,616 - epa-data-scraper - INFO - querying https://iaspub.epa.gov/enviro/efservice/VIOLATION_ENF_ASSOC/ROWS/40000:50000
2018-12-11 21:07:07,173 - epa-data-scraper - INFO - querying https://iaspub.epa.gov/enviro/efservice/SERVICE_AREA/ROWS/40000:50000
2018-12-11 21:07:12,220 - epa-data-scraper - INFO - querying https://iaspub.epa.gov/enviro/efservice/ENFORCEMENT_ACTION/ROWS/40000:50000
2018-12-11 21:07:13,359 - epa-data-scraper - INFO - querying https://iaspub.epa.gov/enviro/efservice/VIOLATION_ENF_ASSOC/ROWS/50000:60000
2018-12-11 21:07:14,920 - epa-data-scraper - INFO - querying https://iaspub.epa.gov/enviro/efservice/GEOGRAPHIC_AREA/ROWS/30000:40000
2018-12-11 21:07:17,012 - epa-data-scraper - INFO - querying https://iaspub.epa.gov/enviro/efservice/SERVICE_AREA/ROWS/50000:60000
2018-12-11 21:07:21,611 - epa-data-scraper - INFO - querying https://iaspub.epa.gov/enviro/efservice/VIOLATION_ENF_ASSOC/ROWS/60000:70000
2018-12-11 21:07:23,011 - epa-data-scraper - INFO - querying https://iaspub.epa.gov/enviro/efservice/ENFORCEMENT_ACTION/ROWS/50000:60000
2018-12-11 21:07:26,248 - epa-data-scraper - INFO - querying https://iaspub.epa.gov/enviro/efservice/SERVICE_AREA/ROWS/60000:70000
2018-12-11 21:07:29,624 - epa-data-scraper - INFO - querying https://iaspub.epa.gov/enviro/efservice/VIOLATION_ENF_ASSOC/ROWS/70000:80000
2018-12-11 21:07:30,209 - epa-data-scraper - INFO - querying https://iaspub.epa.gov/enviro/efservice/GEOGRAPHIC_AREA/ROWS/40000:50000
2018-12-11 21:07:33,331 - epa-data-scraper - INFO - querying https://iaspub.epa.gov/enviro/efservice/ENFORCEMENT_ACTION/ROWS/60000:70000
2018-12-11 21:07:36,378 - epa-data-scraper - INFO - querying https://iaspub.epa.gov/enviro/efservice/SERVICE_AREA/ROWS/70000:80000
2018-12-11 21:07:38,049 - epa-data-scraper - INFO - querying https://iaspub.epa.gov/enviro/efservice/VIOLATION_ENF_ASSOC/ROWS/80000:90000
2018-12-11 21:07:43,505 - epa-data-scraper - INFO - querying https://iaspub.epa.gov/enviro/efservice/ENFORCEMENT_ACTION/ROWS/70000:80000
2018-12-11 21:07:45,780 - epa-data-scraper - INFO - querying https://iaspub.epa.gov/enviro/efservice/GEOGRAPHIC_AREA/ROWS/50000:60000
2018-12-11 21:07:46,210 - epa-data-scraper - INFO - querying https://iaspub.epa.gov/enviro/efservice/SERVICE_AREA/ROWS/80000:90000
2018-12-11 21:07:47,007 - epa-data-scraper - INFO - querying https://iaspub.epa.gov/enviro/efservice/VIOLATION_ENF_ASSOC/ROWS/90000:100000
2018-12-11 21:07:53,872 - epa-data-scraper - INFO - querying https://iaspub.epa.gov/enviro/efservice/ENFORCEMENT_ACTION/ROWS/80000:90000
2018-12-11 21:07:56,080 - epa-data-scraper - INFO - querying https://iaspub.epa.gov/enviro/efservice/VIOLATION_ENF_ASSOC/ROWS/100000:110000
2018-12-11 21:07:56,286 - epa-data-scraper - INFO - querying https://iaspub.epa.gov/enviro/efservice/SERVICE_AREA/ROWS/90000:100000
2018-12-11 21:08:00,859 - epa-data-scraper - INFO - querying https://iaspub.epa.gov/enviro/efservice/GEOGRAPHIC_AREA/ROWS/60000:70000
2018-12-11 21:08:05,003 - epa-data-scraper - INFO - querying https://iaspub.epa.gov/enviro/efservice/ENFORCEMENT_ACTION/ROWS/90000:100000
2018-12-11 21:08:05,221 - epa-data-scraper - INFO - querying https://iaspub.epa.gov/enviro/efservice/VIOLATION_ENF_ASSOC/ROWS/110000:120000
2018-12-11 21:08:06,786 - epa-data-scraper - INFO - querying https://iaspub.epa.gov/enviro/efservice/SERVICE_AREA/ROWS/100000:110000
2018-12-11 21:08:15,815 - epa-data-scraper - INFO - querying https://iaspub.epa.gov/enviro/efservice/ENFORCEMENT_ACTION/ROWS/100000:110000
2018-12-11 21:08:16,557 - epa-data-scraper - INFO - querying https://iaspub.epa.gov/enviro/efservice/GEOGRAPHIC_AREA/ROWS/70000:80000
2018-12-11 21:08:17,620 - epa-data-scraper - INFO - querying https://iaspub.epa.gov/enviro/efservice/SERVICE_AREA/ROWS/110000:120000
2018-12-11 21:08:28,049 - epa-data-scraper - INFO - querying https://iaspub.epa.gov/enviro/efservice/ENFORCEMENT_ACTION/ROWS/110000:120000
2018-12-11 21:08:28,264 - epa-data-scraper - INFO - querying https://iaspub.epa.gov/enviro/efservice/SERVICE_AREA/ROWS/120000:130000
2018-12-11 21:08:33,266 - epa-data-scraper - INFO - querying https://iaspub.epa.gov/enviro/efservice/GEOGRAPHIC_AREA/ROWS/80000:90000
2018-12-11 21:08:39,096 - epa-data-scraper - INFO - querying https://iaspub.epa.gov/enviro/efservice/ENFORCEMENT_ACTION/ROWS/120000:130000
2018-12-11 21:08:39,336 - epa-data-scraper - INFO - querying https://iaspub.epa.gov/enviro/efservice/SERVICE_AREA/ROWS/130000:140000
2018-12-11 21:08:49,337 - epa-data-scraper - INFO - querying https://iaspub.epa.gov/enviro/efservice/GEOGRAPHIC_AREA/ROWS/90000:100000
2018-12-11 21:08:50,193 - epa-data-scraper - INFO - querying https://iaspub.epa.gov/enviro/efservice/ENFORCEMENT_ACTION/ROWS/130000:140000
2018-12-11 21:08:50,232 - epa-data-scraper - INFO - querying https://iaspub.epa.gov/enviro/efservice/SERVICE_AREA/ROWS/140000:150000
2018-12-11 21:09:01,431 - epa-data-scraper - INFO - querying https://iaspub.epa.gov/enviro/efservice/SERVICE_AREA/ROWS/150000:160000
2018-12-11 21:09:02,402 - epa-data-scraper - INFO - querying https://iaspub.epa.gov/enviro/efservice/ENFORCEMENT_ACTION/ROWS/140000:150000
2018-12-11 21:09:05,876 - epa-data-scraper - INFO - querying https://iaspub.epa.gov/enviro/efservice/GEOGRAPHIC_AREA/ROWS/100000:110000
2018-12-11 21:09:14,900 - epa-data-scraper - INFO - querying https://iaspub.epa.gov/enviro/efservice/SERVICE_AREA/ROWS/160000:170000
2018-12-11 21:09:16,328 - epa-data-scraper - INFO - querying https://iaspub.epa.gov/enviro/efservice/ENFORCEMENT_ACTION/ROWS/150000:160000
2018-12-11 21:09:23,091 - epa-data-scraper - INFO - querying https://iaspub.epa.gov/enviro/efservice/GEOGRAPHIC_AREA/ROWS/110000:120000
2018-12-11 21:09:26,702 - epa-data-scraper - INFO - querying https://iaspub.epa.gov/enviro/efservice/SERVICE_AREA/ROWS/170000:180000
2018-12-11 21:09:28,910 - epa-data-scraper - INFO - querying https://iaspub.epa.gov/enviro/efservice/ENFORCEMENT_ACTION/ROWS/160000:170000
2018-12-11 21:09:38,017 - epa-data-scraper - INFO - querying https://iaspub.epa.gov/enviro/efservice/SERVICE_AREA/ROWS/180000:190000
2018-12-11 21:09:40,094 - epa-data-scraper - INFO - querying https://iaspub.epa.gov/enviro/efservice/GEOGRAPHIC_AREA/ROWS/120000:130000
2018-12-11 21:09:41,780 - epa-data-scraper - INFO - querying https://iaspub.epa.gov/enviro/efservice/ENFORCEMENT_ACTION/ROWS/170000:180000
2018-12-11 21:09:49,601 - epa-data-scraper - INFO - querying https://iaspub.epa.gov/enviro/efservice/SERVICE_AREA/ROWS/190000:200000
2018-12-11 21:09:58,289 - epa-data-scraper - INFO - querying https://iaspub.epa.gov/enviro/efservice/SERVICE_AREA/ROWS/0:10000
2018-12-11 21:09:58,538 - epa-data-scraper - INFO - querying https://iaspub.epa.gov/enviro/efservice/GEOGRAPHIC_AREA/ROWS/0:10000
2018-12-11 21:10:00,165 - epa-data-scraper - INFO - querying https://iaspub.epa.gov/enviro/efservice/ENFORCEMENT_ACTION/ROWS/0:10000
2018-12-11 21:10:01,881 - epa-data-scraper - INFO - querying https://iaspub.epa.gov/enviro/efservice/VIOLATION_ENF_ASSOC/ROWS/0:10000
2018-12-11 21:10:09,447 - epa-data-scraper - INFO - querying https://iaspub.epa.gov/enviro/efservice/SERVICE_AREA/ROWS/10000:20000
2018-12-11 21:10:11,561 - epa-data-scraper - INFO - querying https://iaspub.epa.gov/enviro/efservice/ENFORCEMENT_ACTION/ROWS/10000:20000
2018-12-11 21:10:20,042 - epa-data-scraper - INFO - querying https://iaspub.epa.gov/enviro/efservice/SERVICE_AREA/ROWS/20000:30000
2018-12-11 21:10:22,831 - epa-data-scraper - INFO - querying https://iaspub.epa.gov/enviro/efservice/ENFORCEMENT_ACTION/ROWS/20000:30000
2018-12-11 21:10:31,209 - epa-data-scraper - INFO - querying https://iaspub.epa.gov/enviro/efservice/SERVICE_AREA/ROWS/30000:40000
2018-12-11 21:10:35,319 - epa-data-scraper - INFO - querying https://iaspub.epa.gov/enviro/efservice/ENFORCEMENT_ACTION/ROWS/30000:40000
2018-12-11 21:10:42,892 - epa-data-scraper - INFO - querying https://iaspub.epa.gov/enviro/efservice/SERVICE_AREA/ROWS/40000:50000
2018-12-11 21:10:47,239 - epa-data-scraper - INFO - querying https://iaspub.epa.gov/enviro/efservice/ENFORCEMENT_ACTION/ROWS/40000:50000
2018-12-11 21:10:53,094 - epa-data-scraper - INFO - querying https://iaspub.epa.gov/enviro/efservice/SERVICE_AREA/ROWS/50000:60000
2018-12-11 21:11:00,036 - epa-data-scraper - INFO - querying https://iaspub.epa.gov/enviro/efservice/ENFORCEMENT_ACTION/ROWS/50000:60000
2018-12-11 21:11:05,505 - epa-data-scraper - INFO - querying https://iaspub.epa.gov/enviro/efservice/SERVICE_AREA/ROWS/60000:70000
2018-12-11 21:11:10,864 - epa-data-scraper - INFO - querying https://iaspub.epa.gov/enviro/efservice/ENFORCEMENT_ACTION/ROWS/60000:70000
2018-12-11 21:11:15,388 - epa-data-scraper - INFO - querying https://iaspub.epa.gov/enviro/efservice/SERVICE_AREA/ROWS/70000:80000
2018-12-11 21:11:23,424 - epa-data-scraper - INFO - querying https://iaspub.epa.gov/enviro/efservice/ENFORCEMENT_ACTION/ROWS/70000:80000
2018-12-11 21:11:27,173 - epa-data-scraper - INFO - querying https://iaspub.epa.gov/enviro/efservice/SERVICE_AREA/ROWS/80000:90000
2018-12-11 21:11:33,392 - epa-data-scraper - INFO - querying https://iaspub.epa.gov/enviro/efservice/ENFORCEMENT_ACTION/ROWS/80000:90000
2018-12-11 21:11:37,891 - epa-data-scraper - INFO - querying https://iaspub.epa.gov/enviro/efservice/SERVICE_AREA/ROWS/90000:100000
2018-12-11 21:11:44,853 - epa-data-scraper - INFO - querying https://iaspub.epa.gov/enviro/efservice/ENFORCEMENT_ACTION/ROWS/90000:100000
2018-12-11 21:11:47,587 - epa-data-scraper - INFO - querying https://iaspub.epa.gov/enviro/efservice/SERVICE_AREA/ROWS/100000:110000
2018-12-11 21:11:57,032 - epa-data-scraper - INFO - querying https://iaspub.epa.gov/enviro/efservice/ENFORCEMENT_ACTION/ROWS/100000:110000
2018-12-11 21:11:58,740 - epa-data-scraper - INFO - querying https://iaspub.epa.gov/enviro/efservice/SERVICE_AREA/ROWS/110000:120000
2018-12-11 21:12:07,459 - epa-data-scraper - INFO - querying https://iaspub.epa.gov/enviro/efservice/ENFORCEMENT_ACTION/ROWS/110000:120000
2018-12-11 21:12:08,909 - epa-data-scraper - INFO - querying https://iaspub.epa.gov/enviro/efservice/SERVICE_AREA/ROWS/120000:130000
2018-12-11 21:12:19,954 - epa-data-scraper - INFO - querying https://iaspub.epa.gov/enviro/efservice/ENFORCEMENT_ACTION/ROWS/120000:130000
2018-12-11 21:12:21,216 - epa-data-scraper - INFO - querying https://iaspub.epa.gov/enviro/efservice/SERVICE_AREA/ROWS/130000:140000
2018-12-11 21:12:32,465 - epa-data-scraper - INFO - querying https://iaspub.epa.gov/enviro/efservice/ENFORCEMENT_ACTION/ROWS/130000:140000
2018-12-11 21:12:32,726 - epa-data-scraper - INFO - querying https://iaspub.epa.gov/enviro/efservice/SERVICE_AREA/ROWS/140000:150000
2018-12-11 21:12:44,577 - epa-data-scraper - INFO - querying https://iaspub.epa.gov/enviro/efservice/SERVICE_AREA/ROWS/150000:160000
2018-12-11 21:12:44,636 - epa-data-scraper - INFO - querying https://iaspub.epa.gov/enviro/efservice/ENFORCEMENT_ACTION/ROWS/140000:150000
2018-12-11 21:12:56,319 - epa-data-scraper - INFO - querying https://iaspub.epa.gov/enviro/efservice/SERVICE_AREA/ROWS/160000:170000
2018-12-11 21:12:56,581 - epa-data-scraper - INFO - querying https://iaspub.epa.gov/enviro/efservice/ENFORCEMENT_ACTION/ROWS/150000:160000
2018-12-11 21:13:08,507 - epa-data-scraper - INFO - querying https://iaspub.epa.gov/enviro/efservice/SERVICE_AREA/ROWS/170000:180000
2018-12-11 21:13:09,030 - epa-data-scraper - INFO - querying https://iaspub.epa.gov/enviro/efservice/ENFORCEMENT_ACTION/ROWS/160000:170000
2018-12-11 21:16:40,966 - epa-data-scraper - INFO - querying https://iaspub.epa.gov/enviro/efservice/SERVICE_AREA/ROWS/0:10000
2018-12-11 21:16:41,594 - epa-data-scraper - INFO - querying https://iaspub.epa.gov/enviro/efservice/GEOGRAPHIC_AREA/ROWS/0:10000
2018-12-11 21:16:44,416 - epa-data-scraper - INFO - querying https://iaspub.epa.gov/enviro/efservice/ENFORCEMENT_ACTION/ROWS/0:10000
2018-12-11 21:16:44,490 - epa-data-scraper - INFO - querying https://iaspub.epa.gov/enviro/efservice/VIOLATION_ENF_ASSOC/ROWS/0:10000
2018-12-11 21:16:50,736 - epa-data-scraper - INFO - querying https://iaspub.epa.gov/enviro/efservice/SERVICE_AREA/ROWS/10000:20000
2018-12-11 21:16:54,533 - epa-data-scraper - INFO - querying https://iaspub.epa.gov/enviro/efservice/ENFORCEMENT_ACTION/ROWS/10000:20000
2018-12-11 21:16:57,143 - epa-data-scraper - INFO - querying https://iaspub.epa.gov/enviro/efservice/GEOGRAPHIC_AREA/ROWS/10000:20000
2018-12-11 21:17:01,043 - epa-data-scraper - INFO - querying https://iaspub.epa.gov/enviro/efservice/SERVICE_AREA/ROWS/20000:30000
2018-12-11 21:17:06,431 - epa-data-scraper - INFO - querying https://iaspub.epa.gov/enviro/efservice/ENFORCEMENT_ACTION/ROWS/20000:30000
2018-12-11 21:17:09,974 - epa-data-scraper - INFO - querying https://iaspub.epa.gov/enviro/efservice/SERVICE_AREA/ROWS/30000:40000
2018-12-11 21:17:12,141 - epa-data-scraper - INFO - querying https://iaspub.epa.gov/enviro/efservice/GEOGRAPHIC_AREA/ROWS/20000:30000
2018-12-11 21:17:16,219 - epa-data-scraper - INFO - querying https://iaspub.epa.gov/enviro/efservice/ENFORCEMENT_ACTION/ROWS/30000:40000
2018-12-11 21:17:19,602 - epa-data-scraper - INFO - querying https://iaspub.epa.gov/enviro/efservice/SERVICE_AREA/ROWS/40000:50000
2018-12-11 21:17:27,714 - epa-data-scraper - INFO - querying https://iaspub.epa.gov/enviro/efservice/GEOGRAPHIC_AREA/ROWS/30000:40000
2018-12-11 21:17:28,127 - epa-data-scraper - INFO - querying https://iaspub.epa.gov/enviro/efservice/ENFORCEMENT_ACTION/ROWS/40000:50000
2018-12-11 21:17:30,538 - epa-data-scraper - INFO - querying https://iaspub.epa.gov/enviro/efservice/SERVICE_AREA/ROWS/50000:60000
2018-12-11 21:17:39,409 - epa-data-scraper - INFO - querying https://iaspub.epa.gov/enviro/efservice/ENFORCEMENT_ACTION/ROWS/50000:60000
2018-12-11 21:17:40,336 - epa-data-scraper - INFO - querying https://iaspub.epa.gov/enviro/efservice/SERVICE_AREA/ROWS/60000:70000
2018-12-11 21:17:47,024 - epa-data-scraper - INFO - querying https://iaspub.epa.gov/enviro/efservice/GEOGRAPHIC_AREA/ROWS/40000:50000
2018-12-11 21:17:50,685 - epa-data-scraper - INFO - querying https://iaspub.epa.gov/enviro/efservice/SERVICE_AREA/ROWS/70000:80000
2018-12-11 21:17:50,893 - epa-data-scraper - INFO - querying https://iaspub.epa.gov/enviro/efservice/ENFORCEMENT_ACTION/ROWS/60000:70000
2018-12-11 21:18:01,125 - epa-data-scraper - INFO - querying https://iaspub.epa.gov/enviro/efservice/SERVICE_AREA/ROWS/80000:90000
2018-12-11 21:18:01,496 - epa-data-scraper - INFO - querying https://iaspub.epa.gov/enviro/efservice/ENFORCEMENT_ACTION/ROWS/70000:80000
2018-12-11 21:18:03,292 - epa-data-scraper - INFO - querying https://iaspub.epa.gov/enviro/efservice/GEOGRAPHIC_AREA/ROWS/50000:60000
2018-12-11 21:18:12,750 - epa-data-scraper - INFO - querying https://iaspub.epa.gov/enviro/efservice/SERVICE_AREA/ROWS/90000:100000
2018-12-11 21:18:12,992 - epa-data-scraper - INFO - querying https://iaspub.epa.gov/enviro/efservice/ENFORCEMENT_ACTION/ROWS/80000:90000
2018-12-11 21:18:19,234 - epa-data-scraper - INFO - querying https://iaspub.epa.gov/enviro/efservice/GEOGRAPHIC_AREA/ROWS/60000:70000
2018-12-11 21:18:23,183 - epa-data-scraper - INFO - querying https://iaspub.epa.gov/enviro/efservice/SERVICE_AREA/ROWS/100000:110000
2018-12-11 21:18:23,910 - epa-data-scraper - INFO - querying https://iaspub.epa.gov/enviro/efservice/ENFORCEMENT_ACTION/ROWS/90000:100000
2018-12-11 21:18:35,298 - epa-data-scraper - INFO - querying https://iaspub.epa.gov/enviro/efservice/SERVICE_AREA/ROWS/110000:120000
2018-12-11 21:18:35,439 - epa-data-scraper - INFO - querying https://iaspub.epa.gov/enviro/efservice/ENFORCEMENT_ACTION/ROWS/100000:110000
2018-12-11 21:18:36,091 - epa-data-scraper - INFO - querying https://iaspub.epa.gov/enviro/efservice/GEOGRAPHIC_AREA/ROWS/70000:80000
2018-12-11 21:19:50,934 - epa-data-scraper - INFO - querying https://iaspub.epa.gov/enviro/efservice/GEOGRAPHIC_AREA/ROWS/0:10000
2018-12-11 21:19:51,811 - epa-data-scraper - INFO - querying https://iaspub.epa.gov/enviro/efservice/ENFORCEMENT_ACTION/ROWS/0:10000
2018-12-11 21:19:53,194 - epa-data-scraper - INFO - querying https://iaspub.epa.gov/enviro/efservice/VIOLATION_ENF_ASSOC/ROWS/0:10000
2018-12-11 21:20:01,665 - epa-data-scraper - INFO - querying https://iaspub.epa.gov/enviro/efservice/VIOLATION_ENF_ASSOC/ROWS/10000:20000
2018-12-11 21:20:01,923 - epa-data-scraper - INFO - querying https://iaspub.epa.gov/enviro/efservice/ENFORCEMENT_ACTION/ROWS/10000:20000
2018-12-11 21:20:06,931 - epa-data-scraper - INFO - querying https://iaspub.epa.gov/enviro/efservice/GEOGRAPHIC_AREA/ROWS/10000:20000
2018-12-11 21:20:10,480 - epa-data-scraper - INFO - querying https://iaspub.epa.gov/enviro/efservice/VIOLATION_ENF_ASSOC/ROWS/20000:30000
2018-12-11 21:20:13,218 - epa-data-scraper - INFO - querying https://iaspub.epa.gov/enviro/efservice/ENFORCEMENT_ACTION/ROWS/20000:30000
2018-12-11 21:20:18,934 - epa-data-scraper - INFO - querying https://iaspub.epa.gov/enviro/efservice/VIOLATION_ENF_ASSOC/ROWS/30000:40000
2018-12-11 21:20:22,920 - epa-data-scraper - INFO - querying https://iaspub.epa.gov/enviro/efservice/GEOGRAPHIC_AREA/ROWS/20000:30000
2018-12-11 21:20:27,423 - epa-data-scraper - INFO - querying https://iaspub.epa.gov/enviro/efservice/VIOLATION_ENF_ASSOC/ROWS/40000:50000
2018-12-11 21:20:35,256 - epa-data-scraper - INFO - querying https://iaspub.epa.gov/enviro/efservice/VIOLATION_ENF_ASSOC/ROWS/50000:60000
2018-12-11 21:20:37,884 - epa-data-scraper - INFO - querying https://iaspub.epa.gov/enviro/efservice/GEOGRAPHIC_AREA/ROWS/30000:40000
2018-12-11 21:20:44,091 - epa-data-scraper - INFO - querying https://iaspub.epa.gov/enviro/efservice/VIOLATION_ENF_ASSOC/ROWS/60000:70000
2018-12-11 21:20:52,253 - epa-data-scraper - INFO - querying https://iaspub.epa.gov/enviro/efservice/VIOLATION_ENF_ASSOC/ROWS/70000:80000
2018-12-11 21:20:54,275 - epa-data-scraper - INFO - querying https://iaspub.epa.gov/enviro/efservice/GEOGRAPHIC_AREA/ROWS/40000:50000
2018-12-11 21:21:01,486 - epa-data-scraper - INFO - querying https://iaspub.epa.gov/enviro/efservice/VIOLATION_ENF_ASSOC/ROWS/80000:90000
2018-12-11 21:21:10,321 - epa-data-scraper - INFO - querying https://iaspub.epa.gov/enviro/efservice/VIOLATION_ENF_ASSOC/ROWS/90000:100000
2018-12-11 21:21:11,412 - epa-data-scraper - INFO - querying https://iaspub.epa.gov/enviro/efservice/GEOGRAPHIC_AREA/ROWS/50000:60000
2018-12-11 21:21:19,979 - epa-data-scraper - INFO - querying https://iaspub.epa.gov/enviro/efservice/VIOLATION_ENF_ASSOC/ROWS/100000:110000
2018-12-11 21:23:39,190 - epa-data-scraper - INFO - querying https://iaspub.epa.gov/enviro/efservice/SERVICE_AREA/ROWS/0:10000
2018-12-11 21:23:39,816 - epa-data-scraper - INFO - querying https://iaspub.epa.gov/enviro/efservice/GEOGRAPHIC_AREA/ROWS/0:10000
2018-12-11 21:23:41,273 - epa-data-scraper - INFO - querying https://iaspub.epa.gov/enviro/efservice/ENFORCEMENT_ACTION/ROWS/0:10000
2018-12-11 21:24:11,264 - epa-data-scraper - INFO - querying https://iaspub.epa.gov/enviro/efservice/WATER_SYSTEM_FACILITY/ROWS/0:10000
2018-12-11 21:24:39,469 - epa-data-scraper - INFO - querying https://iaspub.epa.gov/enviro/efservice/WATER_SYSTEM_FACILITY/ROWS/10000:20000
2018-12-11 21:25:06,402 - epa-data-scraper - INFO - querying https://iaspub.epa.gov/enviro/efservice/WATER_SYSTEM_FACILITY/ROWS/20000:30000
2018-12-11 21:25:56,830 - epa-data-scraper - INFO - querying https://iaspub.epa.gov/enviro/efservice/SERVICE_AREA/ROWS/0:10000
2018-12-11 21:25:57,564 - epa-data-scraper - INFO - querying https://iaspub.epa.gov/enviro/efservice/GEOGRAPHIC_AREA/ROWS/0:10000
2018-12-11 21:25:59,596 - epa-data-scraper - INFO - querying https://iaspub.epa.gov/enviro/efservice/ENFORCEMENT_ACTION/ROWS/0:10000
2018-12-11 21:26:02,483 - epa-data-scraper - INFO - querying https://iaspub.epa.gov/enviro/efservice/VIOLATION_ENF_ASSOC/ROWS/0:10000
2018-12-11 21:26:10,215 - epa-data-scraper - INFO - querying https://iaspub.epa.gov/enviro/efservice/SERVICE_AREA/ROWS/10000:20000
2018-12-11 21:26:12,535 - epa-data-scraper - INFO - querying https://iaspub.epa.gov/enviro/efservice/ENFORCEMENT_ACTION/ROWS/10000:20000
2018-12-11 21:26:13,641 - epa-data-scraper - INFO - querying https://iaspub.epa.gov/enviro/efservice/VIOLATION_ENF_ASSOC/ROWS/10000:20000
2018-12-11 21:26:18,292 - epa-data-scraper - INFO - querying https://iaspub.epa.gov/enviro/efservice/GEOGRAPHIC_AREA/ROWS/10000:20000
2018-12-11 21:26:21,336 - epa-data-scraper - INFO - querying https://iaspub.epa.gov/enviro/efservice/SERVICE_AREA/ROWS/20000:30000
2018-12-11 21:26:24,722 - epa-data-scraper - INFO - querying https://iaspub.epa.gov/enviro/efservice/VIOLATION_ENF_ASSOC/ROWS/20000:30000
2018-12-11 21:26:25,836 - epa-data-scraper - INFO - querying https://iaspub.epa.gov/enviro/efservice/ENFORCEMENT_ACTION/ROWS/20000:30000
2018-12-11 21:26:55,167 - epa-data-scraper - INFO - querying https://iaspub.epa.gov/enviro/efservice/LCR_SAMPLE_RESULT/ROWS/0:10000
2018-12-11 21:27:11,284 - epa-data-scraper - INFO - querying https://iaspub.epa.gov/enviro/efservice/LCR_SAMPLE_RESULT/ROWS/10000:20000
2018-12-11 21:27:26,485 - epa-data-scraper - INFO - querying https://iaspub.epa.gov/enviro/efservice/LCR_SAMPLE_RESULT/ROWS/20000:30000
2018-12-11 21:27:40,707 - epa-data-scraper - INFO - querying https://iaspub.epa.gov/enviro/efservice/LCR_SAMPLE_RESULT/ROWS/30000:40000
2018-12-11 21:27:57,492 - epa-data-scraper - INFO - querying https://iaspub.epa.gov/enviro/efservice/LCR_SAMPLE_RESULT/ROWS/40000:50000
2018-12-11 21:28:14,631 - epa-data-scraper - INFO - querying https://iaspub.epa.gov/enviro/efservice/LCR_SAMPLE_RESULT/ROWS/50000:60000
2018-12-11 21:28:29,730 - epa-data-scraper - INFO - querying https://iaspub.epa.gov/enviro/efservice/LCR_SAMPLE_RESULT/ROWS/60000:70000
2018-12-11 21:28:46,062 - epa-data-scraper - INFO - querying https://iaspub.epa.gov/enviro/efservice/LCR_SAMPLE_RESULT/ROWS/70000:80000
2018-12-11 21:28:59,865 - epa-data-scraper - INFO - querying https://iaspub.epa.gov/enviro/efservice/LCR_SAMPLE_RESULT/ROWS/80000:90000
2018-12-11 21:29:19,197 - epa-data-scraper - INFO - querying https://iaspub.epa.gov/enviro/efservice/LCR_SAMPLE_RESULT/ROWS/90000:100000
2018-12-11 21:29:32,285 - epa-data-scraper - INFO - querying https://iaspub.epa.gov/enviro/efservice/LCR_SAMPLE_RESULT/ROWS/100000:110000
2018-12-11 21:29:58,182 - epa-data-scraper - INFO - querying https://iaspub.epa.gov/enviro/efservice/LCR_SAMPLE_RESULT/ROWS/0:10000
2018-12-11 21:30:11,954 - epa-data-scraper - INFO - querying https://iaspub.epa.gov/enviro/efservice/LCR_SAMPLE_RESULT/ROWS/10000:20000
2018-12-11 21:30:26,541 - epa-data-scraper - INFO - querying https://iaspub.epa.gov/enviro/efservice/LCR_SAMPLE_RESULT/ROWS/20000:30000
2018-12-11 21:30:39,008 - epa-data-scraper - INFO - querying https://iaspub.epa.gov/enviro/efservice/LCR_SAMPLE_RESULT/ROWS/30000:40000
2018-12-11 21:30:54,719 - epa-data-scraper - INFO - querying https://iaspub.epa.gov/enviro/efservice/LCR_SAMPLE_RESULT/ROWS/40000:50000
2018-12-11 21:31:12,121 - epa-data-scraper - INFO - querying https://iaspub.epa.gov/enviro/efservice/LCR_SAMPLE_RESULT/ROWS/50000:60000
2018-12-11 21:31:24,491 - epa-data-scraper - INFO - querying https://iaspub.epa.gov/enviro/efservice/LCR_SAMPLE_RESULT/ROWS/60000:70000
2018-12-11 21:31:36,910 - epa-data-scraper - INFO - querying https://iaspub.epa.gov/enviro/efservice/LCR_SAMPLE_RESULT/ROWS/70000:80000
2018-12-11 21:31:50,993 - epa-data-scraper - INFO - querying https://iaspub.epa.gov/enviro/efservice/LCR_SAMPLE_RESULT/ROWS/80000:90000
2018-12-11 21:32:04,562 - epa-data-scraper - INFO - querying https://iaspub.epa.gov/enviro/efservice/LCR_SAMPLE_RESULT/ROWS/90000:100000
2018-12-11 21:32:21,111 - epa-data-scraper - INFO - querying https://iaspub.epa.gov/enviro/efservice/LCR_SAMPLE_RESULT/ROWS/100000:110000
2018-12-11 21:32:35,456 - epa-data-scraper - INFO - querying https://iaspub.epa.gov/enviro/efservice/LCR_SAMPLE_RESULT/ROWS/110000:120000
2018-12-11 21:32:49,937 - epa-data-scraper - INFO - querying https://iaspub.epa.gov/enviro/efservice/LCR_SAMPLE_RESULT/ROWS/120000:130000
2018-12-11 21:33:03,561 - epa-data-scraper - INFO - querying https://iaspub.epa.gov/enviro/efservice/LCR_SAMPLE_RESULT/ROWS/130000:140000
2018-12-11 21:33:18,904 - epa-data-scraper - INFO - querying https://iaspub.epa.gov/enviro/efservice/LCR_SAMPLE_RESULT/ROWS/140000:150000
2018-12-11 21:33:33,225 - epa-data-scraper - INFO - querying https://iaspub.epa.gov/enviro/efservice/LCR_SAMPLE_RESULT/ROWS/150000:160000
2018-12-11 21:33:47,837 - epa-data-scraper - INFO - querying https://iaspub.epa.gov/enviro/efservice/LCR_SAMPLE_RESULT/ROWS/160000:170000
2018-12-11 21:34:01,869 - epa-data-scraper - INFO - querying https://iaspub.epa.gov/enviro/efservice/LCR_SAMPLE_RESULT/ROWS/170000:180000
2018-12-11 21:34:16,142 - epa-data-scraper - INFO - querying https://iaspub.epa.gov/enviro/efservice/LCR_SAMPLE_RESULT/ROWS/180000:190000
2018-12-11 21:34:31,474 - epa-data-scraper - INFO - querying https://iaspub.epa.gov/enviro/efservice/LCR_SAMPLE_RESULT/ROWS/190000:200000
2018-12-11 21:34:56,487 - epa-data-scraper - INFO - querying https://iaspub.epa.gov/enviro/efservice/LCR_SAMPLE_RESULT/ROWS/200000:210000
2018-12-11 21:35:06,012 - epa-data-scraper - INFO - querying https://iaspub.epa.gov/enviro/efservice/LCR_SAMPLE_RESULT/ROWS/0:10000
2018-12-11 21:36:00,435 - epa-data-scraper - INFO - querying https://iaspub.epa.gov/enviro/efservice/WATER_SYSTEM_FACILITY/ROWS/0:10000
2018-12-11 21:36:31,038 - epa-data-scraper - INFO - querying https://iaspub.epa.gov/enviro/efservice/WATER_SYSTEM_FACILITY/ROWS/10000:20000
2018-12-11 21:37:06,735 - epa-data-scraper - INFO - querying https://iaspub.epa.gov/enviro/efservice/WATER_SYSTEM_FACILITY/ROWS/20000:30000
2018-12-11 21:37:35,080 - epa-data-scraper - INFO - querying https://iaspub.epa.gov/enviro/efservice/LCR_SAMPLE_RESULT/ROWS/0:10000
2018-12-11 21:37:35,362 - epa-data-scraper - INFO - querying https://iaspub.epa.gov/enviro/efservice/TREATMENT/ROWS/0:10000
2018-12-11 21:37:37,480 - epa-data-scraper - INFO - querying https://iaspub.epa.gov/enviro/efservice/WATER_SYSTEM_FACILITY/ROWS/0:10000
2018-12-11 21:37:41,026 - epa-data-scraper - INFO - querying https://iaspub.epa.gov/enviro/efservice/VIOLATION/ROWS/0:10000
2018-12-11 21:37:45,403 - epa-data-scraper - INFO - querying https://iaspub.epa.gov/enviro/efservice/TREATMENT/ROWS/10000:20000
2018-12-11 21:37:48,339 - epa-data-scraper - INFO - querying https://iaspub.epa.gov/enviro/efservice/LCR_SAMPLE_RESULT/ROWS/10000:20000
2018-12-11 21:37:56,503 - epa-data-scraper - INFO - querying https://iaspub.epa.gov/enviro/efservice/ENFORCEMENT_ACTION/ROWS/0:10000
2018-12-11 21:37:59,539 - epa-data-scraper - INFO - querying https://iaspub.epa.gov/enviro/efservice/LCR_SAMPLE_RESULT/ROWS/20000:30000
2018-12-11 21:38:05,717 - epa-data-scraper - INFO - querying https://iaspub.epa.gov/enviro/efservice/WATER_SYSTEM_FACILITY/ROWS/10000:20000
2018-12-11 21:38:06,652 - epa-data-scraper - INFO - querying https://iaspub.epa.gov/enviro/efservice/ENFORCEMENT_ACTION/ROWS/10000:20000
2018-12-11 21:38:10,835 - epa-data-scraper - INFO - querying https://iaspub.epa.gov/enviro/efservice/LCR_SAMPLE_RESULT/ROWS/30000:40000
2018-12-11 21:38:18,146 - epa-data-scraper - INFO - querying https://iaspub.epa.gov/enviro/efservice/ENFORCEMENT_ACTION/ROWS/20000:30000
2018-12-11 21:38:23,110 - epa-data-scraper - INFO - querying https://iaspub.epa.gov/enviro/efservice/LCR_SAMPLE_RESULT/ROWS/40000:50000
2018-12-11 21:38:24,728 - epa-data-scraper - INFO - querying https://iaspub.epa.gov/enviro/efservice/VIOLATION/ROWS/10000:20000
2018-12-11 21:38:31,091 - epa-data-scraper - INFO - querying https://iaspub.epa.gov/enviro/efservice/ENFORCEMENT_ACTION/ROWS/30000:40000
2018-12-11 21:38:33,487 - epa-data-scraper - INFO - querying https://iaspub.epa.gov/enviro/efservice/WATER_SYSTEM_FACILITY/ROWS/20000:30000
2018-12-11 21:38:36,746 - epa-data-scraper - INFO - querying https://iaspub.epa.gov/enviro/efservice/LCR_SAMPLE_RESULT/ROWS/50000:60000
2018-12-11 21:38:44,627 - epa-data-scraper - INFO - querying https://iaspub.epa.gov/enviro/efservice/ENFORCEMENT_ACTION/ROWS/40000:50000
2018-12-11 21:38:48,105 - epa-data-scraper - INFO - querying https://iaspub.epa.gov/enviro/efservice/LCR_SAMPLE_RESULT/ROWS/60000:70000
2018-12-11 21:38:56,907 - epa-data-scraper - INFO - querying https://iaspub.epa.gov/enviro/efservice/ENFORCEMENT_ACTION/ROWS/50000:60000
2018-12-11 21:38:59,082 - epa-data-scraper - INFO - querying https://iaspub.epa.gov/enviro/efservice/WATER_SYSTEM_FACILITY/ROWS/30000:40000
2018-12-11 21:39:00,950 - epa-data-scraper - INFO - querying https://iaspub.epa.gov/enviro/efservice/LCR_SAMPLE_RESULT/ROWS/70000:80000
2018-12-11 21:39:08,607 - epa-data-scraper - INFO - querying https://iaspub.epa.gov/enviro/efservice/ENFORCEMENT_ACTION/ROWS/60000:70000
2018-12-11 21:39:09,656 - epa-data-scraper - INFO - querying https://iaspub.epa.gov/enviro/efservice/VIOLATION/ROWS/20000:30000
2018-12-11 21:39:13,691 - epa-data-scraper - INFO - querying https://iaspub.epa.gov/enviro/efservice/LCR_SAMPLE_RESULT/ROWS/80000:90000
2018-12-11 21:39:20,859 - epa-data-scraper - INFO - querying https://iaspub.epa.gov/enviro/efservice/ENFORCEMENT_ACTION/ROWS/70000:80000
2018-12-11 21:39:25,150 - epa-data-scraper - INFO - querying https://iaspub.epa.gov/enviro/efservice/WATER_SYSTEM_FACILITY/ROWS/40000:50000
2018-12-11 21:39:25,539 - epa-data-scraper - INFO - querying https://iaspub.epa.gov/enviro/efservice/LCR_SAMPLE_RESULT/ROWS/90000:100000
2018-12-11 21:39:32,708 - epa-data-scraper - INFO - querying https://iaspub.epa.gov/enviro/efservice/ENFORCEMENT_ACTION/ROWS/80000:90000
2018-12-11 21:39:37,555 - epa-data-scraper - INFO - querying https://iaspub.epa.gov/enviro/efservice/LCR_SAMPLE_RESULT/ROWS/100000:110000
2018-12-11 21:39:44,630 - epa-data-scraper - INFO - querying https://iaspub.epa.gov/enviro/efservice/ENFORCEMENT_ACTION/ROWS/90000:100000
2018-12-11 21:39:49,660 - epa-data-scraper - INFO - querying https://iaspub.epa.gov/enviro/efservice/VIOLATION/ROWS/30000:40000
2018-12-11 21:39:50,135 - epa-data-scraper - INFO - querying https://iaspub.epa.gov/enviro/efservice/WATER_SYSTEM_FACILITY/ROWS/50000:60000
2018-12-11 21:39:54,948 - epa-data-scraper - INFO - querying https://iaspub.epa.gov/enviro/efservice/VIOLATION_ENF_ASSOC/ROWS/0:10000
2018-12-11 21:39:56,232 - epa-data-scraper - INFO - querying https://iaspub.epa.gov/enviro/efservice/ENFORCEMENT_ACTION/ROWS/100000:110000
2018-12-11 21:40:03,753 - epa-data-scraper - INFO - querying https://iaspub.epa.gov/enviro/efservice/VIOLATION_ENF_ASSOC/ROWS/10000:20000
2018-12-11 21:40:07,804 - epa-data-scraper - INFO - querying https://iaspub.epa.gov/enviro/efservice/ENFORCEMENT_ACTION/ROWS/110000:120000
2018-12-11 21:40:12,126 - epa-data-scraper - INFO - querying https://iaspub.epa.gov/enviro/efservice/VIOLATION_ENF_ASSOC/ROWS/20000:30000
2018-12-11 21:40:15,544 - epa-data-scraper - INFO - querying https://iaspub.epa.gov/enviro/efservice/WATER_SYSTEM_FACILITY/ROWS/60000:70000
2018-12-11 21:40:21,345 - epa-data-scraper - INFO - querying https://iaspub.epa.gov/enviro/efservice/SERVICE_AREA/ROWS/0:10000
2018-12-11 21:40:21,473 - epa-data-scraper - INFO - querying https://iaspub.epa.gov/enviro/efservice/VIOLATION_ENF_ASSOC/ROWS/30000:40000
2018-12-11 21:40:29,353 - epa-data-scraper - INFO - querying https://iaspub.epa.gov/enviro/efservice/VIOLATION/ROWS/40000:50000
2018-12-11 21:40:30,508 - epa-data-scraper - INFO - querying https://iaspub.epa.gov/enviro/efservice/VIOLATION_ENF_ASSOC/ROWS/40000:50000
2018-12-11 21:40:30,682 - epa-data-scraper - INFO - querying https://iaspub.epa.gov/enviro/efservice/SERVICE_AREA/ROWS/10000:20000
2018-12-11 21:40:39,996 - epa-data-scraper - INFO - querying https://iaspub.epa.gov/enviro/efservice/VIOLATION_ENF_ASSOC/ROWS/50000:60000
2018-12-11 21:40:41,173 - epa-data-scraper - INFO - querying https://iaspub.epa.gov/enviro/efservice/SERVICE_AREA/ROWS/20000:30000
2018-12-11 21:40:48,637 - epa-data-scraper - INFO - querying https://iaspub.epa.gov/enviro/efservice/VIOLATION_ENF_ASSOC/ROWS/60000:70000
2018-12-11 21:40:50,463 - epa-data-scraper - INFO - querying https://iaspub.epa.gov/enviro/efservice/SERVICE_AREA/ROWS/30000:40000
2018-12-11 21:40:57,412 - epa-data-scraper - INFO - querying https://iaspub.epa.gov/enviro/efservice/VIOLATION_ENF_ASSOC/ROWS/70000:80000
2018-12-11 21:40:59,832 - epa-data-scraper - INFO - querying https://iaspub.epa.gov/enviro/efservice/SERVICE_AREA/ROWS/40000:50000
2018-12-11 21:41:06,883 - epa-data-scraper - INFO - querying https://iaspub.epa.gov/enviro/efservice/VIOLATION_ENF_ASSOC/ROWS/80000:90000
2018-12-11 21:41:09,197 - epa-data-scraper - INFO - querying https://iaspub.epa.gov/enviro/efservice/SERVICE_AREA/ROWS/50000:60000
2018-12-11 21:41:15,939 - epa-data-scraper - INFO - querying https://iaspub.epa.gov/enviro/efservice/VIOLATION_ENF_ASSOC/ROWS/90000:100000
2018-12-11 21:41:19,137 - epa-data-scraper - INFO - querying https://iaspub.epa.gov/enviro/efservice/SERVICE_AREA/ROWS/60000:70000
2018-12-11 21:41:24,994 - epa-data-scraper - INFO - querying https://iaspub.epa.gov/enviro/efservice/VIOLATION_ENF_ASSOC/ROWS/100000:110000
2018-12-11 21:41:28,964 - epa-data-scraper - INFO - querying https://iaspub.epa.gov/enviro/efservice/SERVICE_AREA/ROWS/70000:80000
2018-12-11 21:41:33,695 - epa-data-scraper - INFO - querying https://iaspub.epa.gov/enviro/efservice/VIOLATION_ENF_ASSOC/ROWS/110000:120000
2018-12-11 21:41:38,696 - epa-data-scraper - INFO - querying https://iaspub.epa.gov/enviro/efservice/SERVICE_AREA/ROWS/80000:90000
2018-12-11 21:41:42,570 - epa-data-scraper - INFO - querying https://iaspub.epa.gov/enviro/efservice/VIOLATION_ENF_ASSOC/ROWS/120000:130000
2018-12-11 21:41:48,083 - epa-data-scraper - INFO - querying https://iaspub.epa.gov/enviro/efservice/SERVICE_AREA/ROWS/90000:100000
2018-12-11 21:41:50,924 - epa-data-scraper - INFO - querying https://iaspub.epa.gov/enviro/efservice/VIOLATION_ENF_ASSOC/ROWS/130000:140000
2018-12-11 21:41:58,075 - epa-data-scraper - INFO - querying https://iaspub.epa.gov/enviro/efservice/SERVICE_AREA/ROWS/100000:110000
2018-12-11 21:41:59,666 - epa-data-scraper - INFO - querying https://iaspub.epa.gov/enviro/efservice/VIOLATION_ENF_ASSOC/ROWS/140000:150000
2018-12-11 21:42:14,595 - epa-data-scraper - INFO - querying https://iaspub.epa.gov/enviro/efservice/VIOLATION_ENF_ASSOC/ROWS/150000:160000
2018-12-11 21:42:15,437 - epa-data-scraper - INFO - querying https://iaspub.epa.gov/enviro/efservice/SERVICE_AREA/ROWS/110000:120000
2018-12-11 21:42:25,246 - epa-data-scraper - INFO - querying https://iaspub.epa.gov/enviro/efservice/VIOLATION_ENF_ASSOC/ROWS/160000:170000
2018-12-11 21:42:26,248 - epa-data-scraper - INFO - querying https://iaspub.epa.gov/enviro/efservice/SERVICE_AREA/ROWS/120000:130000
2018-12-11 21:42:42,576 - epa-data-scraper - INFO - querying https://iaspub.epa.gov/enviro/efservice/SERVICE_AREA/ROWS/130000:140000
2018-12-11 21:42:42,739 - epa-data-scraper - INFO - querying https://iaspub.epa.gov/enviro/efservice/VIOLATION_ENF_ASSOC/ROWS/170000:180000
2018-12-11 21:42:52,516 - epa-data-scraper - INFO - querying https://iaspub.epa.gov/enviro/efservice/VIOLATION_ENF_ASSOC/ROWS/180000:190000
2018-12-11 21:42:54,542 - epa-data-scraper - INFO - querying https://iaspub.epa.gov/enviro/efservice/SERVICE_AREA/ROWS/140000:150000
2018-12-11 21:43:01,024 - epa-data-scraper - INFO - querying https://iaspub.epa.gov/enviro/efservice/VIOLATION_ENF_ASSOC/ROWS/190000:200000
2018-12-11 21:43:05,397 - epa-data-scraper - INFO - querying https://iaspub.epa.gov/enviro/efservice/SERVICE_AREA/ROWS/150000:160000
2018-12-11 21:43:10,699 - epa-data-scraper - INFO - querying https://iaspub.epa.gov/enviro/efservice/VIOLATION_ENF_ASSOC/ROWS/200000:210000
2018-12-11 21:43:16,345 - epa-data-scraper - INFO - querying https://iaspub.epa.gov/enviro/efservice/SERVICE_AREA/ROWS/160000:170000
2018-12-11 21:43:21,310 - epa-data-scraper - INFO - querying https://iaspub.epa.gov/enviro/efservice/VIOLATION_ENF_ASSOC/ROWS/210000:220000
2018-12-11 21:43:27,021 - epa-data-scraper - INFO - querying https://iaspub.epa.gov/enviro/efservice/SERVICE_AREA/ROWS/170000:180000
2018-12-11 21:43:31,272 - epa-data-scraper - INFO - querying https://iaspub.epa.gov/enviro/efservice/VIOLATION_ENF_ASSOC/ROWS/220000:230000
2018-12-11 21:43:37,573 - epa-data-scraper - INFO - querying https://iaspub.epa.gov/enviro/efservice/SERVICE_AREA/ROWS/180000:190000
2018-12-11 21:43:41,389 - epa-data-scraper - INFO - querying https://iaspub.epa.gov/enviro/efservice/VIOLATION_ENF_ASSOC/ROWS/230000:240000
2018-12-11 21:43:48,330 - epa-data-scraper - INFO - querying https://iaspub.epa.gov/enviro/efservice/SERVICE_AREA/ROWS/190000:200000
2018-12-11 21:43:51,092 - epa-data-scraper - INFO - querying https://iaspub.epa.gov/enviro/efservice/VIOLATION_ENF_ASSOC/ROWS/240000:250000
2018-12-11 21:43:59,351 - epa-data-scraper - INFO - querying https://iaspub.epa.gov/enviro/efservice/SERVICE_AREA/ROWS/200000:210000
2018-12-11 21:44:01,879 - epa-data-scraper - INFO - querying https://iaspub.epa.gov/enviro/efservice/VIOLATION_ENF_ASSOC/ROWS/250000:260000
2018-12-11 21:44:12,249 - epa-data-scraper - INFO - querying https://iaspub.epa.gov/enviro/efservice/SERVICE_AREA/ROWS/210000:220000
2018-12-11 21:44:16,244 - epa-data-scraper - INFO - querying https://iaspub.epa.gov/enviro/efservice/VIOLATION_ENF_ASSOC/ROWS/260000:270000
2018-12-11 21:44:26,157 - epa-data-scraper - INFO - querying https://iaspub.epa.gov/enviro/efservice/SERVICE_AREA/ROWS/220000:230000
2018-12-11 21:44:30,128 - epa-data-scraper - INFO - querying https://iaspub.epa.gov/enviro/efservice/VIOLATION_ENF_ASSOC/ROWS/270000:280000
2018-12-11 21:44:40,478 - epa-data-scraper - INFO - querying https://iaspub.epa.gov/enviro/efservice/SERVICE_AREA/ROWS/230000:240000
2018-12-11 21:44:44,134 - epa-data-scraper - INFO - querying https://iaspub.epa.gov/enviro/efservice/VIOLATION_ENF_ASSOC/ROWS/280000:290000
2018-12-11 21:44:57,452 - epa-data-scraper - INFO - querying https://iaspub.epa.gov/enviro/efservice/SERVICE_AREA/ROWS/240000:250000
2018-12-11 21:45:02,957 - epa-data-scraper - INFO - querying https://iaspub.epa.gov/enviro/efservice/VIOLATION_ENF_ASSOC/ROWS/290000:300000
2018-12-11 21:45:11,697 - epa-data-scraper - INFO - querying https://iaspub.epa.gov/enviro/efservice/SERVICE_AREA/ROWS/250000:260000
2018-12-11 21:45:17,118 - epa-data-scraper - INFO - querying https://iaspub.epa.gov/enviro/efservice/VIOLATION_ENF_ASSOC/ROWS/300000:310000
2018-12-12 00:55:07,465 - epa-webscraper.log - INFO - querying https://iaspub.epa.gov/enviro/efservice/LCR_SAMPLE_RESULT/ROWS/0:9999
2018-12-12 00:55:07,612 - epa-webscraper.log - INFO - querying https://iaspub.epa.gov/enviro/efservice/TREATMENT/ROWS/0:9999
2018-12-12 00:55:08,966 - epa-webscraper.log - INFO - querying https://iaspub.epa.gov/enviro/efservice/WATER_SYSTEM_FACILITY/ROWS/0:9999
2018-12-12 00:55:11,788 - epa-webscraper.log - INFO - querying https://iaspub.epa.gov/enviro/efservice/VIOLATION/ROWS/0:9999
2018-12-12 00:55:22,791 - epa-webscraper.log - INFO - querying https://iaspub.epa.gov/enviro/efservice/TREATMENT/ROWS/10000:19999
2018-12-12 00:55:24,696 - epa-webscraper.log - INFO - querying https://iaspub.epa.gov/enviro/efservice/LCR_SAMPLE_RESULT/ROWS/10000:19999
2018-12-12 00:55:34,760 - epa-webscraper.log - INFO - querying https://iaspub.epa.gov/enviro/efservice/TREATMENT/ROWS/20000:29999
2018-12-12 00:55:41,952 - epa-webscraper.log - INFO - querying https://iaspub.epa.gov/enviro/efservice/LCR_SAMPLE_RESULT/ROWS/20000:29999
2018-12-12 00:55:47,265 - epa-webscraper.log - INFO - querying https://iaspub.epa.gov/enviro/efservice/TREATMENT/ROWS/30000:39999
2018-12-12 00:55:49,291 - epa-webscraper.log - INFO - querying https://iaspub.epa.gov/enviro/efservice/WATER_SYSTEM_FACILITY/ROWS/10000:19999
2018-12-12 00:55:57,678 - epa-webscraper.log - INFO - querying https://iaspub.epa.gov/enviro/efservice/LCR_SAMPLE_RESULT/ROWS/30000:39999
2018-12-12 00:56:03,354 - epa-webscraper.log - INFO - querying https://iaspub.epa.gov/enviro/efservice/TREATMENT/ROWS/40000:49999
2018-12-12 00:56:08,130 - epa-webscraper.log - INFO - querying https://iaspub.epa.gov/enviro/efservice/VIOLATION/ROWS/10000:19999
2018-12-12 00:56:17,525 - epa-webscraper.log - INFO - querying https://iaspub.epa.gov/enviro/efservice/TREATMENT/ROWS/50000:59999
2018-12-12 00:56:20,341 - epa-webscraper.log - INFO - querying https://iaspub.epa.gov/enviro/efservice/LCR_SAMPLE_RESULT/ROWS/40000:49999
2018-12-12 00:56:30,115 - epa-webscraper.log - INFO - querying https://iaspub.epa.gov/enviro/efservice/WATER_SYSTEM_FACILITY/ROWS/20000:29999
2018-12-12 00:56:32,070 - epa-webscraper.log - INFO - querying https://iaspub.epa.gov/enviro/efservice/TREATMENT/ROWS/60000:69999
2018-12-12 00:56:37,608 - epa-webscraper.log - INFO - querying https://iaspub.epa.gov/enviro/efservice/LCR_SAMPLE_RESULT/ROWS/50000:59999
2018-12-12 00:56:44,269 - epa-webscraper.log - INFO - querying https://iaspub.epa.gov/enviro/efservice/TREATMENT/ROWS/70000:79999
2018-12-12 00:56:55,028 - epa-webscraper.log - INFO - querying https://iaspub.epa.gov/enviro/efservice/LCR_SAMPLE_RESULT/ROWS/60000:69999
2018-12-12 00:57:12,826 - epa-webscraper.log - INFO - querying https://iaspub.epa.gov/enviro/efservice/TREATMENT/ROWS/80000:89999
2018-12-12 00:57:14,767 - epa-webscraper.log - INFO - querying https://iaspub.epa.gov/enviro/efservice/VIOLATION/ROWS/20000:29999
2018-12-12 00:57:17,038 - epa-webscraper.log - INFO - querying https://iaspub.epa.gov/enviro/efservice/LCR_SAMPLE_RESULT/ROWS/70000:79999
2018-12-12 00:57:21,013 - epa-webscraper.log - INFO - querying https://iaspub.epa.gov/enviro/efservice/WATER_SYSTEM_FACILITY/ROWS/30000:39999
2018-12-12 00:57:26,198 - epa-webscraper.log - INFO - querying https://iaspub.epa.gov/enviro/efservice/TREATMENT/ROWS/90000:99999
2018-12-12 00:57:33,434 - epa-webscraper.log - INFO - querying https://iaspub.epa.gov/enviro/efservice/LCR_SAMPLE_RESULT/ROWS/80000:89999
2018-12-12 00:57:39,738 - epa-webscraper.log - INFO - querying https://iaspub.epa.gov/enviro/efservice/TREATMENT/ROWS/100000:109999
2018-12-12 00:57:49,984 - epa-webscraper.log - INFO - querying https://iaspub.epa.gov/enviro/efservice/LCR_SAMPLE_RESULT/ROWS/90000:99999
2018-12-12 00:57:56,971 - epa-webscraper.log - INFO - querying https://iaspub.epa.gov/enviro/efservice/TREATMENT/ROWS/110000:119999
2018-12-12 00:58:09,962 - epa-webscraper.log - INFO - querying https://iaspub.epa.gov/enviro/efservice/LCR_SAMPLE_RESULT/ROWS/100000:109999
2018-12-12 00:58:14,937 - epa-webscraper.log - INFO - querying https://iaspub.epa.gov/enviro/efservice/TREATMENT/ROWS/120000:129999
2018-12-12 00:58:16,692 - epa-webscraper.log - INFO - querying https://iaspub.epa.gov/enviro/efservice/VIOLATION/ROWS/30000:39999
2018-12-12 00:58:28,949 - epa-webscraper.log - INFO - querying https://iaspub.epa.gov/enviro/efservice/LCR_SAMPLE_RESULT/ROWS/110000:119999
2018-12-12 00:58:33,783 - epa-webscraper.log - INFO - querying https://iaspub.epa.gov/enviro/efservice/TREATMENT/ROWS/130000:139999
2018-12-12 00:58:45,716 - epa-webscraper.log - INFO - querying https://iaspub.epa.gov/enviro/efservice/LCR_SAMPLE_RESULT/ROWS/120000:129999
2018-12-12 00:58:47,692 - epa-webscraper.log - INFO - querying https://iaspub.epa.gov/enviro/efservice/TREATMENT/ROWS/140000:149999
2018-12-12 00:59:02,053 - epa-webscraper.log - INFO - querying https://iaspub.epa.gov/enviro/efservice/LCR_SAMPLE_RESULT/ROWS/130000:139999
2018-12-12 00:59:07,193 - epa-webscraper.log - INFO - querying https://iaspub.epa.gov/enviro/efservice/TREATMENT/ROWS/150000:159999
2018-12-12 00:59:18,504 - epa-webscraper.log - INFO - querying https://iaspub.epa.gov/enviro/efservice/VIOLATION/ROWS/40000:49999
2018-12-12 00:59:20,314 - epa-webscraper.log - INFO - querying https://iaspub.epa.gov/enviro/efservice/LCR_SAMPLE_RESULT/ROWS/140000:149999
2018-12-12 00:59:21,868 - epa-webscraper.log - INFO - querying https://iaspub.epa.gov/enviro/efservice/TREATMENT/ROWS/160000:169999
2018-12-12 00:59:34,245 - epa-webscraper.log - INFO - querying https://iaspub.epa.gov/enviro/efservice/TREATMENT/ROWS/170000:179999
2018-12-12 00:59:36,903 - epa-webscraper.log - INFO - querying https://iaspub.epa.gov/enviro/efservice/LCR_SAMPLE_RESULT/ROWS/150000:159999
2018-12-12 00:59:48,004 - epa-webscraper.log - INFO - querying https://iaspub.epa.gov/enviro/efservice/TREATMENT/ROWS/180000:189999
2018-12-12 01:00:01,821 - epa-webscraper.log - INFO - querying https://iaspub.epa.gov/enviro/efservice/TREATMENT/ROWS/190000:199999
2018-12-12 01:00:20,160 - epa-webscraper.log - INFO - querying https://iaspub.epa.gov/enviro/efservice/VIOLATION/ROWS/50000:59999
2018-12-12 01:00:21,453 - epa-webscraper.log - INFO - querying https://iaspub.epa.gov/enviro/efservice/TREATMENT/ROWS/200000:209999
2018-12-12 01:00:35,112 - epa-webscraper.log - INFO - querying https://iaspub.epa.gov/enviro/efservice/TREATMENT/ROWS/210000:219999
2018-12-12 01:00:48,507 - epa-webscraper.log - INFO - querying https://iaspub.epa.gov/enviro/efservice/TREATMENT/ROWS/220000:229999
2018-12-12 01:00:58,634 - epa-webscraper.log - INFO - querying https://iaspub.epa.gov/enviro/efservice/LCR_SAMPLE_RESULT/ROWS/0:9999
2018-12-12 01:00:58,748 - epa-webscraper.log - INFO - querying https://iaspub.epa.gov/enviro/efservice/TREATMENT/ROWS/0:9999
2018-12-12 01:01:00,701 - epa-webscraper.log - INFO - querying https://iaspub.epa.gov/enviro/efservice/WATER_SYSTEM_FACILITY/ROWS/0:9999
2018-12-12 01:01:05,572 - epa-webscraper.log - INFO - querying https://iaspub.epa.gov/enviro/efservice/VIOLATION/ROWS/0:9999
2018-12-12 01:01:12,619 - epa-webscraper.log - INFO - querying https://iaspub.epa.gov/enviro/efservice/TREATMENT/ROWS/10000:19999
2018-12-12 01:01:24,184 - epa-webscraper.log - INFO - querying https://iaspub.epa.gov/enviro/efservice/TREATMENT/ROWS/20000:29999
2018-12-12 01:01:37,647 - epa-webscraper.log - INFO - querying https://iaspub.epa.gov/enviro/efservice/TREATMENT/ROWS/30000:39999
2018-12-12 01:01:38,612 - epa-webscraper.log - INFO - querying https://iaspub.epa.gov/enviro/efservice/WATER_SYSTEM_FACILITY/ROWS/10000:19999
2018-12-12 01:02:02,802 - epa-webscraper.log - INFO - querying https://iaspub.epa.gov/enviro/efservice/VIOLATION_ENF_ASSOC/ROWS/0:9999
2018-12-12 01:02:10,712 - epa-webscraper.log - INFO - querying https://iaspub.epa.gov/enviro/efservice/VIOLATION/ROWS/10000:19999
2018-12-12 01:02:17,688 - epa-webscraper.log - INFO - querying https://iaspub.epa.gov/enviro/efservice/VIOLATION_ENF_ASSOC/ROWS/10000:19999
2018-12-12 01:02:21,238 - epa-webscraper.log - INFO - querying https://iaspub.epa.gov/enviro/efservice/WATER_SYSTEM_FACILITY/ROWS/20000:29999
2018-12-12 01:02:36,154 - epa-webscraper.log - INFO - querying https://iaspub.epa.gov/enviro/efservice/VIOLATION_ENF_ASSOC/ROWS/20000:29999
2018-12-12 01:02:51,540 - epa-webscraper.log - INFO - querying https://iaspub.epa.gov/enviro/efservice/VIOLATION_ENF_ASSOC/ROWS/30000:39999
2018-12-12 01:03:07,048 - epa-webscraper.log - INFO - querying https://iaspub.epa.gov/enviro/efservice/VIOLATION_ENF_ASSOC/ROWS/40000:49999
2018-12-12 01:03:11,810 - epa-webscraper.log - INFO - querying https://iaspub.epa.gov/enviro/efservice/WATER_SYSTEM_FACILITY/ROWS/30000:39999
2018-12-12 01:03:18,435 - epa-webscraper.log - INFO - querying https://iaspub.epa.gov/enviro/efservice/VIOLATION/ROWS/20000:29999
2018-12-12 01:03:23,383 - epa-webscraper.log - INFO - querying https://iaspub.epa.gov/enviro/efservice/VIOLATION_ENF_ASSOC/ROWS/50000:59999
2018-12-12 01:03:37,543 - epa-webscraper.log - INFO - querying https://iaspub.epa.gov/enviro/efservice/VIOLATION_ENF_ASSOC/ROWS/60000:69999
2018-12-12 01:03:49,321 - epa-webscraper.log - INFO - querying https://iaspub.epa.gov/enviro/efservice/VIOLATION_ENF_ASSOC/ROWS/70000:79999
2018-12-12 01:04:02,966 - epa-webscraper.log - INFO - querying https://iaspub.epa.gov/enviro/efservice/VIOLATION_ENF_ASSOC/ROWS/80000:89999
2018-12-12 01:04:14,248 - epa-webscraper.log - INFO - querying https://iaspub.epa.gov/enviro/efservice/VIOLATION/ROWS/30000:39999
2018-12-12 01:04:15,312 - epa-webscraper.log - INFO - querying https://iaspub.epa.gov/enviro/efservice/VIOLATION_ENF_ASSOC/ROWS/90000:99999
2018-12-12 01:04:27,370 - epa-webscraper.log - INFO - querying https://iaspub.epa.gov/enviro/efservice/GEOGRAPHIC_AREA/ROWS/0:9999
2018-12-12 01:04:31,550 - epa-webscraper.log - INFO - querying https://iaspub.epa.gov/enviro/efservice/VIOLATION_ENF_ASSOC/ROWS/100000:109999
2018-12-12 01:04:46,826 - epa-webscraper.log - INFO - querying https://iaspub.epa.gov/enviro/efservice/VIOLATION_ENF_ASSOC/ROWS/110000:119999
2018-12-12 01:04:50,032 - epa-webscraper.log - INFO - querying https://iaspub.epa.gov/enviro/efservice/GEOGRAPHIC_AREA/ROWS/10000:19999
2018-12-12 01:05:01,331 - epa-webscraper.log - INFO - querying https://iaspub.epa.gov/enviro/efservice/VIOLATION_ENF_ASSOC/ROWS/120000:129999
2018-12-12 01:05:16,991 - epa-webscraper.log - INFO - querying https://iaspub.epa.gov/enviro/efservice/VIOLATION_ENF_ASSOC/ROWS/130000:139999
2018-12-12 01:05:18,754 - epa-webscraper.log - INFO - querying https://iaspub.epa.gov/enviro/efservice/GEOGRAPHIC_AREA/ROWS/20000:29999
2018-12-12 01:05:28,150 - epa-webscraper.log - INFO - querying https://iaspub.epa.gov/enviro/efservice/VIOLATION/ROWS/40000:49999
2018-12-12 01:05:31,830 - epa-webscraper.log - INFO - querying https://iaspub.epa.gov/enviro/efservice/VIOLATION_ENF_ASSOC/ROWS/140000:149999
2018-12-12 01:05:41,901 - epa-webscraper.log - INFO - querying https://iaspub.epa.gov/enviro/efservice/GEOGRAPHIC_AREA/ROWS/30000:39999
2018-12-12 01:05:44,618 - epa-webscraper.log - INFO - querying https://iaspub.epa.gov/enviro/efservice/VIOLATION_ENF_ASSOC/ROWS/150000:159999
2018-12-12 01:05:57,439 - epa-webscraper.log - INFO - querying https://iaspub.epa.gov/enviro/efservice/VIOLATION_ENF_ASSOC/ROWS/160000:169999
2018-12-12 01:06:04,568 - epa-webscraper.log - INFO - querying https://iaspub.epa.gov/enviro/efservice/GEOGRAPHIC_AREA/ROWS/40000:49999
2018-12-12 01:06:12,512 - epa-webscraper.log - INFO - querying https://iaspub.epa.gov/enviro/efservice/VIOLATION_ENF_ASSOC/ROWS/170000:179999
2018-12-12 01:06:26,677 - epa-webscraper.log - INFO - querying https://iaspub.epa.gov/enviro/efservice/VIOLATION_ENF_ASSOC/ROWS/180000:189999
2018-12-12 01:06:28,699 - epa-webscraper.log - INFO - querying https://iaspub.epa.gov/enviro/efservice/VIOLATION/ROWS/50000:59999
2018-12-12 01:06:33,227 - epa-webscraper.log - INFO - querying https://iaspub.epa.gov/enviro/efservice/GEOGRAPHIC_AREA/ROWS/50000:59999
2018-12-12 01:06:41,592 - epa-webscraper.log - INFO - querying https://iaspub.epa.gov/enviro/efservice/VIOLATION_ENF_ASSOC/ROWS/190000:199999
2018-12-12 01:06:54,996 - epa-webscraper.log - INFO - querying https://iaspub.epa.gov/enviro/efservice/GEOGRAPHIC_AREA/ROWS/60000:69999
2018-12-12 01:06:56,053 - epa-webscraper.log - INFO - querying https://iaspub.epa.gov/enviro/efservice/VIOLATION_ENF_ASSOC/ROWS/200000:209999
2018-12-12 01:07:12,474 - epa-webscraper.log - INFO - querying https://iaspub.epa.gov/enviro/efservice/VIOLATION_ENF_ASSOC/ROWS/210000:219999
2018-12-12 01:07:21,002 - epa-webscraper.log - INFO - querying https://iaspub.epa.gov/enviro/efservice/GEOGRAPHIC_AREA/ROWS/70000:79999
2018-12-12 01:07:30,004 - epa-webscraper.log - INFO - querying https://iaspub.epa.gov/enviro/efservice/VIOLATION_ENF_ASSOC/ROWS/220000:229999
2018-12-12 01:07:37,643 - epa-webscraper.log - INFO - querying https://iaspub.epa.gov/enviro/efservice/VIOLATION/ROWS/60000:69999
2018-12-12 01:07:45,591 - epa-webscraper.log - INFO - querying https://iaspub.epa.gov/enviro/efservice/VIOLATION_ENF_ASSOC/ROWS/230000:239999
2018-12-12 01:07:48,402 - epa-webscraper.log - INFO - querying https://iaspub.epa.gov/enviro/efservice/GEOGRAPHIC_AREA/ROWS/80000:89999
2018-12-12 01:08:01,070 - epa-webscraper.log - INFO - querying https://iaspub.epa.gov/enviro/efservice/VIOLATION_ENF_ASSOC/ROWS/240000:249999
2018-12-12 01:08:12,405 - epa-webscraper.log - INFO - querying https://iaspub.epa.gov/enviro/efservice/GEOGRAPHIC_AREA/ROWS/90000:99999
2018-12-12 01:08:16,195 - epa-webscraper.log - INFO - querying https://iaspub.epa.gov/enviro/efservice/VIOLATION_ENF_ASSOC/ROWS/250000:259999
2018-12-12 01:08:35,168 - epa-webscraper.log - INFO - querying https://iaspub.epa.gov/enviro/efservice/VIOLATION_ENF_ASSOC/ROWS/260000:269999
2018-12-12 01:08:40,507 - epa-webscraper.log - INFO - querying https://iaspub.epa.gov/enviro/efservice/GEOGRAPHIC_AREA/ROWS/100000:109999
2018-12-12 01:08:47,444 - epa-webscraper.log - INFO - querying https://iaspub.epa.gov/enviro/efservice/VIOLATION/ROWS/70000:79999
2018-12-12 01:08:52,767 - epa-webscraper.log - INFO - querying https://iaspub.epa.gov/enviro/efservice/VIOLATION_ENF_ASSOC/ROWS/270000:279999
2018-12-12 01:09:08,721 - epa-webscraper.log - INFO - querying https://iaspub.epa.gov/enviro/efservice/GEOGRAPHIC_AREA/ROWS/110000:119999
2018-12-12 01:09:10,655 - epa-webscraper.log - INFO - querying https://iaspub.epa.gov/enviro/efservice/VIOLATION_ENF_ASSOC/ROWS/280000:289999
2018-12-12 01:09:26,305 - epa-webscraper.log - INFO - querying https://iaspub.epa.gov/enviro/efservice/VIOLATION_ENF_ASSOC/ROWS/290000:299999
2018-12-12 01:09:36,542 - epa-webscraper.log - INFO - querying https://iaspub.epa.gov/enviro/efservice/GEOGRAPHIC_AREA/ROWS/120000:129999
2018-12-12 01:09:41,065 - epa-webscraper.log - INFO - querying https://iaspub.epa.gov/enviro/efservice/VIOLATION_ENF_ASSOC/ROWS/300000:309999
2018-12-12 01:09:51,094 - epa-webscraper.log - INFO - querying https://iaspub.epa.gov/enviro/efservice/VIOLATION/ROWS/80000:89999
2018-12-12 01:09:59,797 - epa-webscraper.log - INFO - querying https://iaspub.epa.gov/enviro/efservice/GEOGRAPHIC_AREA/ROWS/130000:139999
2018-12-12 01:10:22,033 - epa-webscraper.log - INFO - querying https://iaspub.epa.gov/enviro/efservice/GEOGRAPHIC_AREA/ROWS/140000:149999
2018-12-12 01:10:54,793 - epa-webscraper.log - INFO - querying https://iaspub.epa.gov/enviro/efservice/GEOGRAPHIC_AREA/ROWS/150000:159999
2018-12-12 01:11:00,632 - epa-webscraper.log - INFO - querying https://iaspub.epa.gov/enviro/efservice/VIOLATION/ROWS/90000:99999
2018-12-12 01:11:25,147 - epa-webscraper.log - INFO - querying https://iaspub.epa.gov/enviro/efservice/GEOGRAPHIC_AREA/ROWS/160000:169999
2018-12-12 01:11:48,045 - epa-webscraper.log - INFO - querying https://iaspub.epa.gov/enviro/efservice/GEOGRAPHIC_AREA/ROWS/170000:179999
2018-12-12 01:12:07,151 - epa-webscraper.log - INFO - querying https://iaspub.epa.gov/enviro/efservice/VIOLATION/ROWS/100000:109999
2018-12-12 01:12:14,405 - epa-webscraper.log - INFO - querying https://iaspub.epa.gov/enviro/efservice/GEOGRAPHIC_AREA/ROWS/180000:189999
2018-12-12 01:12:37,454 - epa-webscraper.log - INFO - querying https://iaspub.epa.gov/enviro/efservice/GEOGRAPHIC_AREA/ROWS/190000:199999
2018-12-12 01:13:08,345 - epa-webscraper.log - INFO - querying https://iaspub.epa.gov/enviro/efservice/GEOGRAPHIC_AREA/ROWS/200000:209999
2018-12-12 01:13:33,996 - epa-webscraper.log - INFO - querying https://iaspub.epa.gov/enviro/efservice/GEOGRAPHIC_AREA/ROWS/210000:219999
2018-12-12 01:14:01,611 - epa-webscraper.log - INFO - querying https://iaspub.epa.gov/enviro/efservice/GEOGRAPHIC_AREA/ROWS/220000:229999
2018-12-12 01:14:27,722 - epa-webscraper.log - INFO - querying https://iaspub.epa.gov/enviro/efservice/GEOGRAPHIC_AREA/ROWS/230000:239999
2018-12-12 01:14:33,502 - epa-webscraper.log - INFO - querying https://iaspub.epa.gov/enviro/efservice/SERVICE_AREA/ROWS/0:9999
2018-12-12 01:14:48,093 - epa-webscraper.log - INFO - querying https://iaspub.epa.gov/enviro/efservice/SERVICE_AREA/ROWS/10000:19999
